c:\users\尘埃\desktop\wuziqi\wuziqi\wuziqi\release\vc141.pdb
c:\users\尘埃\desktop\wuziqi\wuziqi\wuziqi\release\window.obj
c:\users\尘埃\desktop\wuziqi\wuziqi\wuziqi\release\userinput.obj
c:\users\尘埃\desktop\wuziqi\wuziqi\wuziqi\release\test.obj
c:\users\尘埃\desktop\wuziqi\wuziqi\wuziqi\release\show.obj
c:\users\尘埃\desktop\wuziqi\wuziqi\wuziqi\release\near.obj
c:\users\尘埃\desktop\wuziqi\wuziqi\wuziqi\release\menu.obj
c:\users\尘埃\desktop\wuziqi\wuziqi\wuziqi\release\main.obj
c:\users\尘埃\desktop\wuziqi\wuziqi\wuziqi\release\input1.obj
c:\users\尘埃\desktop\wuziqi\wuziqi\wuziqi\release\generate_evaluate.obj
c:\users\尘埃\desktop\wuziqi\wuziqi\wuziqi\release\examassume.obj
c:\users\尘埃\desktop\wuziqi\wuziqi\wuziqi\release\exam.obj
c:\users\尘埃\desktop\wuziqi\wuziqi\wuziqi\release\evaluate.obj
c:\users\尘埃\desktop\wuziqi\wuziqi\wuziqi\release\empty.obj
c:\users\尘埃\desktop\wuziqi\wuziqi\wuziqi\release\calculate.obj
c:\users\尘埃\desktop\wuziqi\wuziqi\wuziqi\release\basic.obj
c:\users\尘埃\desktop\wuziqi\wuziqi\wuziqi\release\assume.obj
c:\users\尘埃\desktop\wuziqi\wuziqi\wuziqi\release\allcalculate.obj
c:\users\尘埃\desktop\wuziqi\wuziqi\wuziqi\release\alfa.obj
c:\users\尘埃\desktop\wuziqi\wuziqi\release\wuziqi.exe
c:\users\尘埃\desktop\wuziqi\wuziqi\release\wuziqi.pdb
c:\users\尘埃\desktop\wuziqi\wuziqi\release\wuziqi.ipdb
c:\users\尘埃\desktop\wuziqi\wuziqi\release\wuziqi.iobj
c:\users\尘埃\desktop\wuziqi\wuziqi\wuziqi\release\wuziqi.tlog\cl.command.1.tlog
c:\users\尘埃\desktop\wuziqi\wuziqi\wuziqi\release\wuziqi.tlog\cl.read.1.tlog
c:\users\尘埃\desktop\wuziqi\wuziqi\wuziqi\release\wuziqi.tlog\cl.write.1.tlog
c:\users\尘埃\desktop\wuziqi\wuziqi\wuziqi\release\wuziqi.tlog\link.command.1.tlog
c:\users\尘埃\desktop\wuziqi\wuziqi\wuziqi\release\wuziqi.tlog\link.read.1.tlog
c:\users\尘埃\desktop\wuziqi\wuziqi\wuziqi\release\wuziqi.tlog\link.write.1.tlog
c:\users\尘埃\desktop\wuziqi\wuziqi\wuziqi\release\wuziqi.tlog\wuziqi.write.1u.tlog
